\BOOKMARK [1][-]{section.1}{\376\377\000I\000n\000t\000r\000o\000d\000u\000c\000t\000i\000o\000n}{}% 1
\BOOKMARK [1][-]{section.2}{\376\377\000G\000e\000t\000t\000i\000n\000g\000\040\000S\000t\000a\000r\000t\000e\000d}{}% 2
\BOOKMARK [2][-]{subsection.2.1}{\376\377\000I\000n\000s\000t\000a\000l\000l\000a\000t\000i\000o\000n}{section.2}% 3
\BOOKMARK [3][-]{subsubsection.2.1.1}{\376\377\000S\000t\000e\000p\000\040\0001\000:\000\040\000C\000l\000o\000n\000e\000\040\000t\000h\000e\000\040\000R\000e\000p\000o\000s\000i\000t\000o\000r\000y}{subsection.2.1}% 4
\BOOKMARK [3][-]{subsubsection.2.1.2}{\376\377\000S\000t\000e\000p\000\040\0002\000:\000\040\000C\000r\000e\000a\000t\000e\000\040\000P\000y\000t\000h\000o\000n\000\040\000V\000i\000r\000t\000u\000a\000l\000\040\000E\000n\000v\000i\000r\000o\000n\000m\000e\000n\000t}{subsection.2.1}% 5
\BOOKMARK [3][-]{subsubsection.2.1.3}{\376\377\000S\000t\000e\000p\000\040\0003\000:\000\040\000I\000n\000s\000t\000a\000l\000l\000\040\000P\000y\000t\000h\000o\000n\000\040\000D\000e\000p\000e\000n\000d\000e\000n\000c\000i\000e\000s}{subsection.2.1}% 6
\BOOKMARK [3][-]{subsubsection.2.1.4}{\376\377\000S\000t\000e\000p\000\040\0004\000:\000\040\000E\000n\000a\000b\000l\000e\000\040\000C\000L\000I\000\040\000W\000r\000a\000p\000p\000e\000r\000s\000\040\000\050\000R\000e\000c\000o\000m\000m\000e\000n\000d\000e\000d\000\051}{subsection.2.1}% 7
\BOOKMARK [3][-]{subsubsection.2.1.5}{\376\377\000S\000t\000e\000p\000\040\0005\000:\000\040\000C\000o\000n\000f\000i\000g\000u\000r\000e\000\040\000x\000T\000B\000\040\000B\000a\000c\000k\000e\000n\000d}{subsection.2.1}% 8
\BOOKMARK [3][-]{subsubsection.2.1.6}{\376\377\000S\000t\000e\000p\000\040\0006\000:\000\040\000V\000a\000l\000i\000d\000a\000t\000e\000\040\000I\000n\000s\000t\000a\000l\000l\000a\000t\000i\000o\000n}{subsection.2.1}% 9
\BOOKMARK [2][-]{subsection.2.2}{\376\377\000Q\000u\000i\000c\000k\000\040\000S\000t\000a\000r\000t\000:\000\040\000Y\000o\000u\000r\000\040\000F\000i\000r\000s\000t\000\040\000O\000p\000t\000i\000m\000i\000z\000a\000t\000i\000o\000n}{section.2}% 10
\BOOKMARK [1][-]{section.3}{\376\377\000B\000a\000s\000i\000c\000\040\000U\000s\000a\000g\000e}{}% 11
\BOOKMARK [2][-]{subsection.3.1}{\376\377\000I\000n\000p\000u\000t\000\040\000F\000i\000l\000e\000\040\000F\000o\000r\000m\000a\000t}{section.3}% 12
\BOOKMARK [2][-]{subsection.3.2}{\376\377\000C\000o\000m\000m\000o\000n\000\040\000W\000o\000r\000k\000f\000l\000o\000w\000s}{section.3}% 13
\BOOKMARK [3][-]{subsubsection.3.2.1}{\376\377\000B\000a\000s\000i\000c\000\040\000R\000i\000g\000i\000d\000\040\000M\000o\000n\000o\000m\000e\000r\000\040\000O\000p\000t\000i\000m\000i\000z\000a\000t\000i\000o\000n}{subsection.3.2}% 14
\BOOKMARK [3][-]{subsubsection.3.2.2}{\376\377\000O\000p\000t\000i\000m\000i\000z\000a\000t\000i\000o\000n\000\040\000w\000i\000t\000h\000\040\000T\000o\000r\000s\000i\000o\000n\000a\000l\000\040\000F\000l\000e\000x\000i\000b\000i\000l\000i\000t\000y}{subsection.3.2}% 15
\BOOKMARK [3][-]{subsubsection.3.2.3}{\376\377\000U\000s\000i\000n\000g\000\040\000S\000y\000m\000m\000e\000t\000r\000y\000\040\000D\000e\000t\000e\000c\000t\000i\000o\000n}{subsection.3.2}% 16
\BOOKMARK [3][-]{subsubsection.3.2.4}{\376\377\000H\000i\000g\000h\000-\000A\000c\000c\000u\000r\000a\000c\000y\000\040\000O\000p\000t\000i\000m\000i\000z\000a\000t\000i\000o\000n}{subsection.3.2}% 17
\BOOKMARK [3][-]{subsubsection.3.2.5}{\376\377\000C\000o\000m\000p\000a\000r\000i\000n\000g\000\040\000M\000u\000l\000t\000i\000p\000l\000e\000\040\000A\000l\000g\000o\000r\000i\000t\000h\000m\000s}{subsection.3.2}% 18
\BOOKMARK [2][-]{subsection.3.3}{\376\377\000U\000n\000d\000e\000r\000s\000t\000a\000n\000d\000i\000n\000g\000\040\000O\000u\000t\000p\000u\000t}{section.3}% 19
\BOOKMARK [3][-]{subsubsection.3.3.1}{\376\377\000C\000o\000n\000s\000o\000l\000e\000\040\000O\000u\000t\000p\000u\000t}{subsection.3.3}% 20
\BOOKMARK [3][-]{subsubsection.3.3.2}{\376\377\000R\000e\000s\000u\000l\000t\000\040\000F\000i\000l\000e\000s}{subsection.3.3}% 21
\BOOKMARK [2][-]{subsection.3.4}{\376\377\000T\000i\000p\000s\000\040\000f\000o\000r\000\040\000E\000f\000f\000e\000c\000t\000i\000v\000e\000\040\000O\000p\000t\000i\000m\000i\000z\000a\000t\000i\000o\000n}{section.3}% 22
\BOOKMARK [1][-]{section.4}{\376\377\000C\000o\000m\000m\000a\000n\000d\000-\000L\000i\000n\000e\000\040\000R\000e\000f\000e\000r\000e\000n\000c\000e}{}% 23
\BOOKMARK [2][-]{subsection.4.1}{\376\377\000S\000y\000n\000o\000p\000s\000i\000s}{section.4}% 24
\BOOKMARK [2][-]{subsection.4.2}{\376\377\000R\000e\000q\000u\000i\000r\000e\000d\000\040\000A\000r\000g\000u\000m\000e\000n\000t\000s}{section.4}% 25
\BOOKMARK [2][-]{subsection.4.3}{\376\377\000G\000e\000n\000e\000r\000a\000l\000\040\000O\000p\000t\000i\000o\000n\000s}{section.4}% 26
\BOOKMARK [2][-]{subsection.4.4}{\376\377\000x\000T\000B\000\040\000B\000a\000c\000k\000e\000n\000d\000\040\000O\000p\000t\000i\000o\000n\000s}{section.4}% 27
\BOOKMARK [2][-]{subsection.4.5}{\376\377\000T\000o\000r\000s\000i\000o\000n\000\040\000a\000n\000d\000\040\000S\000y\000m\000m\000e\000t\000r\000y\000\040\000O\000p\000t\000i\000o\000n\000s}{section.4}% 28
\BOOKMARK [2][-]{subsection.4.6}{\376\377\000P\000e\000n\000a\000l\000t\000y\000\040\000F\000u\000n\000c\000t\000i\000o\000n\000\040\000O\000p\000t\000i\000o\000n\000s}{section.4}% 29
\BOOKMARK [2][-]{subsection.4.7}{\376\377\000P\000S\000O\000-\000S\000p\000e\000c\000i\000f\000i\000c\000\040\000O\000p\000t\000i\000o\000n\000s}{section.4}% 30
\BOOKMARK [2][-]{subsection.4.8}{\376\377\000G\000e\000n\000e\000t\000i\000c\000\040\000A\000l\000g\000o\000r\000i\000t\000h\000m\000\040\000O\000p\000t\000i\000o\000n\000s}{section.4}% 31
\BOOKMARK [2][-]{subsection.4.9}{\376\377\000G\000r\000e\000y\000\040\000W\000o\000l\000f\000\040\000O\000p\000t\000i\000m\000i\000z\000e\000r\000\040\000O\000p\000t\000i\000o\000n\000s}{section.4}% 32
\BOOKMARK [2][-]{subsection.4.10}{\376\377\000P\000S\000O\000+\000N\000e\000l\000d\000e\000r\000-\000M\000e\000a\000d\000\040\000H\000y\000b\000r\000i\000d\000\040\000O\000p\000t\000i\000o\000n\000s}{section.4}% 33
\BOOKMARK [2][-]{subsection.4.11}{\376\377\000G\000e\000t\000t\000i\000n\000g\000\040\000H\000e\000l\000p}{section.4}% 34
\BOOKMARK [1][-]{section.5}{\376\377\000W\000o\000r\000k\000f\000l\000o\000w\000\040\000O\000v\000e\000r\000v\000i\000e\000w}{}% 35
\BOOKMARK [2][-]{subsection.5.1}{\376\377\000C\000o\000n\000c\000e\000p\000t\000u\000a\000l\000\040\000P\000i\000p\000e\000l\000i\000n\000e}{section.5}% 36
\BOOKMARK [1][-]{section.6}{\376\377\000T\000e\000c\000h\000n\000i\000c\000a\000l\000\040\000D\000e\000t\000a\000i\000l\000s}{}% 37
\BOOKMARK [2][-]{subsection.6.1}{\376\377\000S\000o\000f\000t\000w\000a\000r\000e\000\040\000A\000r\000c\000h\000i\000t\000e\000c\000t\000u\000r\000e}{section.6}% 38
\BOOKMARK [3][-]{subsubsection.6.1.1}{\376\377\000M\000o\000d\000u\000l\000e\000\040\000R\000e\000s\000p\000o\000n\000s\000i\000b\000i\000l\000i\000t\000i\000e\000s}{subsection.6.1}% 39
\BOOKMARK [2][-]{subsection.6.2}{\376\377\000C\000o\000m\000p\000u\000t\000a\000t\000i\000o\000n\000a\000l\000\040\000W\000o\000r\000k\000f\000l\000o\000w}{section.6}% 40
\BOOKMARK [3][-]{subsubsection.6.2.1}{\376\377\000P\000a\000r\000a\000m\000e\000t\000e\000r\000\040\000S\000p\000a\000c\000e\000\040\000D\000e\000f\000i\000n\000i\000t\000i\000o\000n}{subsection.6.2}% 41
\BOOKMARK [3][-]{subsubsection.6.2.2}{\376\377\000O\000b\000j\000e\000c\000t\000i\000v\000e\000\040\000F\000u\000n\000c\000t\000i\000o\000n\000\040\000E\000v\000a\000l\000u\000a\000t\000i\000o\000n}{subsection.6.2}% 42
\BOOKMARK [3][-]{subsubsection.6.2.3}{\376\377\000x\000T\000B\000\040\000P\000a\000r\000a\000l\000l\000e\000l\000\040\000E\000x\000e\000c\000u\000t\000i\000o\000n}{subsection.6.2}% 43
\BOOKMARK [2][-]{subsection.6.3}{\376\377\000S\000y\000m\000m\000e\000t\000r\000y\000\040\000D\000e\000t\000e\000c\000t\000i\000o\000n}{section.6}% 44
\BOOKMARK [2][-]{subsection.6.4}{\376\377\000L\000o\000g\000g\000i\000n\000g\000\040\000a\000n\000d\000\040\000O\000u\000t\000p\000u\000t}{section.6}% 45
\BOOKMARK [3][-]{subsubsection.6.4.1}{\376\377\000C\000o\000n\000s\000o\000l\000e\000\040\000O\000u\000t\000p\000u\000t\000\040\000S\000t\000r\000u\000c\000t\000u\000r\000e}{subsection.6.4}% 46
\BOOKMARK [3][-]{subsubsection.6.4.2}{\376\377\000F\000i\000l\000e\000\040\000A\000r\000t\000i\000f\000a\000c\000t\000s}{subsection.6.4}% 47
\BOOKMARK [1][-]{section.7}{\376\377\000O\000p\000t\000i\000m\000i\000z\000a\000t\000i\000o\000n\000\040\000A\000l\000g\000o\000r\000i\000t\000h\000m\000s}{}% 48
\BOOKMARK [2][-]{subsection.7.1}{\376\377\000P\000a\000r\000t\000i\000c\000l\000e\000\040\000S\000w\000a\000r\000m\000\040\000O\000p\000t\000i\000m\000i\000z\000a\000t\000i\000o\000n\000\040\000\050\000P\000S\000O\000\051}{section.7}% 49
\BOOKMARK [3][-]{subsubsection.7.1.1}{\376\377\000A\000l\000g\000o\000r\000i\000t\000h\000m\000\040\000O\000v\000e\000r\000v\000i\000e\000w}{subsection.7.1}% 50
\BOOKMARK [3][-]{subsubsection.7.1.2}{\376\377\000M\000a\000t\000h\000e\000m\000a\000t\000i\000c\000a\000l\000\040\000F\000o\000r\000m\000u\000l\000a\000t\000i\000o\000n}{subsection.7.1}% 51
\BOOKMARK [3][-]{subsubsection.7.1.3}{\376\377\000A\000l\000g\000o\000r\000i\000t\000h\000m\000\040\000W\000o\000r\000k\000f\000l\000o\000w}{subsection.7.1}% 52
\BOOKMARK [3][-]{subsubsection.7.1.4}{\376\377\000K\000e\000y\000\040\000P\000a\000r\000a\000m\000e\000t\000e\000r\000s}{subsection.7.1}% 53
\BOOKMARK [2][-]{subsection.7.2}{\376\377\000P\000S\000O\000\040\000+\000\040\000N\000e\000l\000d\000e\000r\000-\000M\000e\000a\000d\000\040\000H\000y\000b\000r\000i\000d}{section.7}% 54
\BOOKMARK [3][-]{subsubsection.7.2.1}{\376\377\000K\000e\000y\000\040\000P\000a\000r\000a\000m\000e\000t\000e\000r\000s}{subsection.7.2}% 55
\BOOKMARK [2][-]{subsection.7.3}{\376\377\000G\000e\000n\000e\000t\000i\000c\000\040\000A\000l\000g\000o\000r\000i\000t\000h\000m\000\040\000\050\000G\000A\000\051}{section.7}% 56
\BOOKMARK [3][-]{subsubsection.7.3.1}{\376\377\000A\000l\000g\000o\000r\000i\000t\000h\000m\000\040\000O\000v\000e\000r\000v\000i\000e\000w}{subsection.7.3}% 57
\BOOKMARK [3][-]{subsubsection.7.3.2}{\376\377\000M\000a\000t\000h\000e\000m\000a\000t\000i\000c\000a\000l\000\040\000F\000o\000r\000m\000u\000l\000a\000t\000i\000o\000n}{subsection.7.3}% 58
\BOOKMARK [3][-]{subsubsection.7.3.3}{\376\377\000K\000e\000y\000\040\000P\000a\000r\000a\000m\000e\000t\000e\000r\000s}{subsection.7.3}% 59
\BOOKMARK [2][-]{subsection.7.4}{\376\377\000G\000r\000e\000y\000\040\000W\000o\000l\000f\000\040\000O\000p\000t\000i\000m\000i\000z\000e\000r\000\040\000\050\000G\000W\000O\000\051}{section.7}% 60
\BOOKMARK [3][-]{subsubsection.7.4.1}{\376\377\000A\000l\000g\000o\000r\000i\000t\000h\000m\000\040\000O\000v\000e\000r\000v\000i\000e\000w}{subsection.7.4}% 61
\BOOKMARK [3][-]{subsubsection.7.4.2}{\376\377\000M\000a\000t\000h\000e\000m\000a\000t\000i\000c\000a\000l\000\040\000F\000o\000r\000m\000u\000l\000a\000t\000i\000o\000n}{subsection.7.4}% 62
\BOOKMARK [3][-]{subsubsection.7.4.3}{\376\377\000K\000e\000y\000\040\000P\000a\000r\000a\000m\000e\000t\000e\000r\000s}{subsection.7.4}% 63
\BOOKMARK [1][-]{section.8}{\376\377\000A\000d\000v\000a\000n\000c\000e\000d\000\040\000T\000o\000p\000i\000c\000s}{}% 64
\BOOKMARK [2][-]{subsection.8.1}{\376\377\000E\000x\000t\000e\000n\000s\000i\000b\000i\000l\000i\000t\000y\000\040\000G\000u\000i\000d\000e\000l\000i\000n\000e\000s}{section.8}% 65
\BOOKMARK [2][-]{subsection.8.2}{\376\377\000P\000e\000r\000f\000o\000r\000m\000a\000n\000c\000e\000\040\000T\000u\000n\000i\000n\000g}{section.8}% 66
\BOOKMARK [3][-]{subsubsection.8.2.1}{\376\377\000W\000o\000r\000k\000e\000r\000\040\000C\000o\000u\000n\000t\000\040\000S\000e\000l\000e\000c\000t\000i\000o\000n}{subsection.8.2}% 67
\BOOKMARK [3][-]{subsubsection.8.2.2}{\376\377\000A\000l\000g\000o\000r\000i\000t\000h\000m\000\040\000S\000e\000l\000e\000c\000t\000i\000o\000n}{subsection.8.2}% 68
\BOOKMARK [2][-]{subsection.8.3}{\376\377\000B\000e\000s\000t\000\040\000P\000r\000a\000c\000t\000i\000c\000e\000s}{section.8}% 69
\BOOKMARK [1][-]{section.9}{\376\377\000H\000y\000p\000e\000r\000p\000a\000r\000a\000m\000e\000t\000e\000r\000\040\000O\000p\000t\000i\000m\000i\000z\000a\000t\000i\000o\000n\000\040\000F\000r\000a\000m\000e\000w\000o\000r\000k}{}% 70
\BOOKMARK [2][-]{subsection.9.1}{\376\377\000H\000y\000p\000e\000r\000p\000a\000r\000a\000m\000e\000t\000e\000r\000\040\000S\000p\000e\000c\000i\000f\000i\000c\000a\000t\000i\000o\000n\000s}{section.9}% 71
\BOOKMARK [2][-]{subsection.9.2}{\376\377\000O\000p\000t\000i\000m\000i\000z\000a\000t\000i\000o\000n\000\040\000M\000o\000d\000e\000s}{section.9}% 72
\BOOKMARK [3][-]{subsubsection.9.2.1}{\376\377\000S\000e\000q\000u\000e\000n\000t\000i\000a\000l\000\040\000M\000o\000d\000e\000\040\000\050\000D\000e\000f\000a\000u\000l\000t\000\051}{subsection.9.2}% 73
\BOOKMARK [3][-]{subsubsection.9.2.2}{\376\377\000J\000o\000i\000n\000t\000\040\000S\000t\000u\000d\000y\000\040\000M\000o\000d\000e}{subsection.9.2}% 74
\BOOKMARK [2][-]{subsection.9.3}{\376\377\000O\000p\000t\000u\000n\000a\000\040\000I\000n\000t\000e\000g\000r\000a\000t\000i\000o\000n}{section.9}% 75
\BOOKMARK [3][-]{subsubsection.9.3.1}{\376\377\000S\000t\000u\000d\000y\000\040\000M\000a\000n\000a\000g\000e\000m\000e\000n\000t}{subsection.9.3}% 76
\BOOKMARK [3][-]{subsubsection.9.3.2}{\376\377\000R\000e\000s\000u\000l\000t\000\040\000C\000a\000c\000h\000i\000n\000g}{subsection.9.3}% 77
\BOOKMARK [2][-]{subsection.9.4}{\376\377\000U\000s\000a\000g\000e\000\040\000a\000n\000d\000\040\000C\000o\000m\000m\000a\000n\000d\000-\000L\000i\000n\000e\000\040\000I\000n\000t\000e\000r\000f\000a\000c\000e}{section.9}% 78
\BOOKMARK [3][-]{subsubsection.9.4.1}{\376\377\000B\000a\000s\000i\000c\000\040\000U\000s\000a\000g\000e}{subsection.9.4}% 79
\BOOKMARK [3][-]{subsubsection.9.4.2}{\376\377\000C\000o\000m\000m\000a\000n\000d\000-\000L\000i\000n\000e\000\040\000R\000e\000f\000e\000r\000e\000n\000c\000e}{subsection.9.4}% 80
\BOOKMARK [3][-]{subsubsection.9.4.3}{\376\377\000W\000o\000r\000k\000e\000d\000\040\000E\000x\000a\000m\000p\000l\000e}{subsection.9.4}% 81
\BOOKMARK [3][-]{subsubsection.9.4.4}{\376\377\000I\000n\000p\000u\000t\000\040\000D\000i\000r\000e\000c\000t\000o\000r\000y\000\040\000S\000t\000r\000u\000c\000t\000u\000r\000e}{subsection.9.4}% 82
\BOOKMARK [2][-]{subsection.9.5}{\376\377\000O\000u\000t\000p\000u\000t\000\040\000a\000n\000d\000\040\000R\000e\000s\000u\000l\000t\000s}{section.9}% 83
\BOOKMARK [3][-]{subsubsection.9.5.1}{\376\377\000F\000i\000l\000e\000\040\000S\000t\000r\000u\000c\000t\000u\000r\000e}{subsection.9.5}% 84
\BOOKMARK [3][-]{subsubsection.9.5.2}{\376\377\000R\000e\000s\000u\000l\000t\000\040\000F\000i\000l\000e\000\040\000F\000o\000r\000m\000a\000t\000s}{subsection.9.5}% 85
\BOOKMARK [2][-]{subsection.9.6}{\376\377\000A\000d\000v\000a\000n\000c\000e\000d\000\040\000F\000e\000a\000t\000u\000r\000e\000s}{section.9}% 86
\BOOKMARK [3][-]{subsubsection.9.6.1}{\376\377\000W\000a\000r\000m\000\040\000S\000t\000a\000r\000t\000i\000n\000g\000\040\000S\000t\000r\000a\000t\000e\000g\000y}{subsection.9.6}% 87
\BOOKMARK [3][-]{subsubsection.9.6.2}{\376\377\000C\000a\000c\000h\000e\000\040\000M\000a\000n\000a\000g\000e\000m\000e\000n\000t}{subsection.9.6}% 88
\BOOKMARK [3][-]{subsubsection.9.6.3}{\376\377\000C\000u\000s\000t\000o\000m\000\040\000B\000a\000s\000e\000\040\000A\000r\000g\000u\000m\000e\000n\000t\000s}{subsection.9.6}% 89
\BOOKMARK [2][-]{subsection.9.7}{\376\377\000P\000e\000r\000f\000o\000r\000m\000a\000n\000c\000e\000\040\000C\000o\000n\000s\000i\000d\000e\000r\000a\000t\000i\000o\000n\000s}{section.9}% 90
\BOOKMARK [3][-]{subsubsection.9.7.1}{\376\377\000C\000o\000m\000p\000u\000t\000a\000t\000i\000o\000n\000a\000l\000\040\000S\000c\000a\000l\000i\000n\000g}{subsection.9.7}% 91
\BOOKMARK [3][-]{subsubsection.9.7.2}{\376\377\000M\000e\000m\000o\000r\000y\000\040\000a\000n\000d\000\040\000S\000t\000o\000r\000a\000g\000e}{subsection.9.7}% 92
\BOOKMARK [2][-]{subsection.9.8}{\376\377\000B\000e\000s\000t\000\040\000P\000r\000a\000c\000t\000i\000c\000e\000s}{section.9}% 93
